[2022-06-15T15:55:01+08:00][ info ] [ LANG ] /www/wwwroot/bgbegin.com/vendor/zoujingli/think-library/src/lang/zh-cn.php
info
[2022-06-15T15:55:01+08:00][ info ] [ LANG ] /www/wwwroot/bgbegin.com/vendor/zoujingli/think-library/src/lang/en-us.php
info
[2022-06-15T15:55:01+08:00][ info ] [ LANG ] /www/wwwroot/bgbegin.com/thinkphp/lang/zh-cn.php
info
[2022-06-15T15:55:01+08:00][ info ] [ ROUTE ] array (
)
info
[2022-06-15T15:55:01+08:00][ info ] [ HEADER ] array (
)
info
[2022-06-15T15:55:01+08:00][ info ] [ PARAM ] array (
  's' => NULL,
)
info
[2022-06-15T15:55:01+08:00][ info ] [ DB ] INIT mysql
info
[2022-06-15T15:55:05+08:00][ info ] [ LANG ] /www/wwwroot/bgbegin.com/vendor/zoujingli/think-library/src/lang/zh-cn.php
info
[2022-06-15T15:55:05+08:00][ info ] [ LANG ] /www/wwwroot/bgbegin.com/vendor/zoujingli/think-library/src/lang/en-us.php
info
[2022-06-15T15:55:05+08:00][ info ] [ LANG ] /www/wwwroot/bgbegin.com/thinkphp/lang/zh-cn.php
info
[2022-06-15T15:55:06+08:00][ info ] [ ROUTE ] array (
)
info
[2022-06-15T15:55:06+08:00][ info ] [ HEADER ] array (
)
info
[2022-06-15T15:55:06+08:00][ info ] [ PARAM ] array (
  's' => NULL,
)
info
[2022-06-15T15:55:06+08:00][ info ] [ DB ] INIT mysql
info
[2022-06-15T15:55:08+08:00][ info ] [ LANG ] /www/wwwroot/bgbegin.com/vendor/zoujingli/think-library/src/lang/zh-cn.php
info
[2022-06-15T15:55:08+08:00][ info ] [ LANG ] /www/wwwroot/bgbegin.com/vendor/zoujingli/think-library/src/lang/en-us.php
info
[2022-06-15T15:55:08+08:00][ info ] [ LANG ] /www/wwwroot/bgbegin.com/thinkphp/lang/zh-cn.php
info
[2022-06-15T15:55:08+08:00][ info ] [ ROUTE ] array (
)
info
[2022-06-15T15:55:08+08:00][ info ] [ HEADER ] array (
)
info
[2022-06-15T15:55:08+08:00][ info ] [ PARAM ] array (
  's' => NULL,
)
info
[2022-06-15T15:55:08+08:00][ info ] [ DB ] INIT mysql
info
[2022-06-15T15:55:12+08:00][ info ] [ LANG ] /www/wwwroot/bgbegin.com/vendor/zoujingli/think-library/src/lang/zh-cn.php
info
[2022-06-15T15:55:12+08:00][ info ] [ LANG ] /www/wwwroot/bgbegin.com/vendor/zoujingli/think-library/src/lang/en-us.php
info
[2022-06-15T15:55:12+08:00][ info ] [ LANG ] /www/wwwroot/bgbegin.com/thinkphp/lang/zh-cn.php
info
[2022-06-15T15:55:12+08:00][ info ] [ ROUTE ] array (
)
info
[2022-06-15T15:55:12+08:00][ info ] [ HEADER ] array (
)
info
[2022-06-15T15:55:12+08:00][ info ] [ PARAM ] array (
  's' => NULL,
)
info
[2022-06-15T15:55:12+08:00][ info ] [ DB ] INIT mysql
info
[2022-06-15T15:55:14+08:00][ info ] [ LANG ] /www/wwwroot/bgbegin.com/vendor/zoujingli/think-library/src/lang/zh-cn.php
info
[2022-06-15T15:55:14+08:00][ info ] [ LANG ] /www/wwwroot/bgbegin.com/vendor/zoujingli/think-library/src/lang/en-us.php
info
[2022-06-15T15:55:14+08:00][ info ] [ LANG ] /www/wwwroot/bgbegin.com/thinkphp/lang/zh-cn.php
info
[2022-06-15T15:55:14+08:00][ info ] [ ROUTE ] array (
)
info
[2022-06-15T15:55:14+08:00][ info ] [ HEADER ] array (
)
info
[2022-06-15T15:55:14+08:00][ info ] [ PARAM ] array (
  's' => NULL,
)
info
[2022-06-15T15:55:14+08:00][ info ] [ DB ] INIT mysql
info
[2022-06-15T15:55:19+08:00][ info ] [ LANG ] /www/wwwroot/bgbegin.com/vendor/zoujingli/think-library/src/lang/zh-cn.php
info
[2022-06-15T15:55:19+08:00][ info ] [ LANG ] /www/wwwroot/bgbegin.com/vendor/zoujingli/think-library/src/lang/en-us.php
info
[2022-06-15T15:55:19+08:00][ info ] [ LANG ] /www/wwwroot/bgbegin.com/thinkphp/lang/zh-cn.php
info
[2022-06-15T15:55:19+08:00][ info ] [ ROUTE ] array (
)
info
[2022-06-15T15:55:19+08:00][ info ] [ HEADER ] array (
)
info
[2022-06-15T15:55:19+08:00][ info ] [ PARAM ] array (
  's' => NULL,
)
info
[2022-06-15T15:55:19+08:00][ info ] [ DB ] INIT mysql
info
[2022-06-15T15:55:21+08:00][ info ] [ LANG ] /www/wwwroot/bgbegin.com/vendor/zoujingli/think-library/src/lang/zh-cn.php
info
[2022-06-15T15:55:21+08:00][ info ] [ LANG ] /www/wwwroot/bgbegin.com/vendor/zoujingli/think-library/src/lang/en-us.php
info
[2022-06-15T15:55:21+08:00][ info ] [ LANG ] /www/wwwroot/bgbegin.com/thinkphp/lang/zh-cn.php
info
[2022-06-15T15:55:21+08:00][ info ] [ ROUTE ] array (
)
info
[2022-06-15T15:55:21+08:00][ info ] [ HEADER ] array (
)
info
[2022-06-15T15:55:21+08:00][ info ] [ PARAM ] array (
  's' => NULL,
)
info
[2022-06-15T15:55:21+08:00][ info ] [ DB ] INIT mysql
info
