---------------------------------------------------------------

[2022-06-15T15:54:59+08:00] 180.215.229.96 GET bgbegin.com/index/Wapy/chongzhi
[运行时间：1.906118s] [吞吐率：0.52req/s] [内存消耗：3,647.84kb] [文件加载：81]
[ info ] [ LANG ] /www/wwwroot/bgbegin.com/vendor/zoujingli/think-library/src/lang/zh-cn.php
[ info ] [ LANG ] /www/wwwroot/bgbegin.com/vendor/zoujingli/think-library/src/lang/en-us.php
[ info ] [ LANG ] /www/wwwroot/bgbegin.com/thinkphp/lang/zh-cn.php
[ info ] [ ROUTE ] array (
)
[ info ] [ HEADER ] array (
  'accept' => '*/*',
  'host' => 'bgbegin.com',
  'user-agent' => 'curl/7.29.0',
  'content-type' => '',
  'content-length' => '',
)
[ info ] [ PARAM ] array (
)
[ info ] [ DB ] INIT mysql
---------------------------------------------------------------

[2022-06-15T15:54:59+08:00] 180.215.229.96 GET bgbegin.com/index/wapy/jiageup
[运行时间：1.931668s] [吞吐率：0.52req/s] [内存消耗：3,647.77kb] [文件加载：81]
[ info ] [ LANG ] /www/wwwroot/bgbegin.com/vendor/zoujingli/think-library/src/lang/zh-cn.php
[ info ] [ LANG ] /www/wwwroot/bgbegin.com/vendor/zoujingli/think-library/src/lang/en-us.php
[ info ] [ LANG ] /www/wwwroot/bgbegin.com/thinkphp/lang/zh-cn.php
[ info ] [ ROUTE ] array (
)
[ info ] [ HEADER ] array (
  'accept' => '*/*',
  'host' => 'bgbegin.com',
  'user-agent' => 'curl/7.29.0',
  'content-type' => '',
  'content-length' => '',
)
[ info ] [ PARAM ] array (
)
[ info ] [ DB ] INIT mysql
---------------------------------------------------------------

[2022-06-15T15:54:59+08:00] 180.215.229.96 GET bgbegin.com/index/Wapy/chongzhi
[运行时间：1.976866s] [吞吐率：0.51req/s] [内存消耗：3,434.22kb] [文件加载：76]
[ info ] [ LANG ] /www/wwwroot/bgbegin.com/vendor/zoujingli/think-library/src/lang/zh-cn.php
[ info ] [ LANG ] /www/wwwroot/bgbegin.com/vendor/zoujingli/think-library/src/lang/en-us.php
[ info ] [ LANG ] /www/wwwroot/bgbegin.com/thinkphp/lang/zh-cn.php
[ info ] [ ROUTE ] array (
)
[ info ] [ HEADER ] array (
  'accept' => '*/*',
  'host' => 'bgbegin.com',
  'user-agent' => 'curl/7.29.0',
  'content-type' => '',
  'content-length' => '',
)
[ info ] [ PARAM ] array (
)
[ info ] [ DB ] INIT mysql
---------------------------------------------------------------

[2022-06-15T15:54:59+08:00] 180.215.229.96 GET bgbegin.com/index/Wapy/jianting
[运行时间：1.931318s] [吞吐率：0.52req/s] [内存消耗：3,441.37kb] [文件加载：76]
[ info ] [ LANG ] /www/wwwroot/bgbegin.com/vendor/zoujingli/think-library/src/lang/zh-cn.php
[ info ] [ LANG ] /www/wwwroot/bgbegin.com/vendor/zoujingli/think-library/src/lang/en-us.php
[ info ] [ LANG ] /www/wwwroot/bgbegin.com/thinkphp/lang/zh-cn.php
[ info ] [ ROUTE ] array (
)
[ info ] [ HEADER ] array (
  'accept' => '*/*',
  'host' => 'bgbegin.com',
  'user-agent' => 'curl/7.29.0',
  'content-type' => '',
  'content-length' => '',
)
[ info ] [ PARAM ] array (
)
[ info ] [ DB ] INIT mysql
---------------------------------------------------------------

[2022-06-15T15:54:59+08:00] 180.215.229.96 GET bgbegin.com/index/Wapy/jianting
[运行时间：1.997056s] [吞吐率：0.50req/s] [内存消耗：3,441.38kb] [文件加载：76]
[ info ] [ LANG ] /www/wwwroot/bgbegin.com/vendor/zoujingli/think-library/src/lang/zh-cn.php
[ info ] [ LANG ] /www/wwwroot/bgbegin.com/vendor/zoujingli/think-library/src/lang/en-us.php
[ info ] [ LANG ] /www/wwwroot/bgbegin.com/thinkphp/lang/zh-cn.php
[ info ] [ ROUTE ] array (
)
[ info ] [ HEADER ] array (
  'accept' => '*/*',
  'host' => 'bgbegin.com',
  'user-agent' => 'curl/7.29.0',
  'content-type' => '',
  'content-length' => '',
)
[ info ] [ PARAM ] array (
)
[ info ] [ DB ] INIT mysql
---------------------------------------------------------------

[2022-06-15T15:55:00+08:00] 180.215.229.96 GET bgbegin.com/index/Wapy/updatenft
[运行时间：0.237373s] [吞吐率：4.21req/s] [内存消耗：5,028.38kb] [文件加载：119]
[ info ] [ LANG ] /www/wwwroot/bgbegin.com/vendor/zoujingli/think-library/src/lang/zh-cn.php
[ info ] [ LANG ] /www/wwwroot/bgbegin.com/vendor/zoujingli/think-library/src/lang/en-us.php
[ info ] [ LANG ] /www/wwwroot/bgbegin.com/thinkphp/lang/zh-cn.php
[ info ] [ ROUTE ] array (
)
[ info ] [ HEADER ] array (
  'accept' => '*/*',
  'host' => 'bgbegin.com',
  'user-agent' => 'curl/7.29.0',
  'content-type' => '',
  'content-length' => '',
)
[ info ] [ PARAM ] array (
)
[ info ] [ DB ] INIT mysql
---------------------------------------------------------------

[2022-06-15T15:55:01+08:00] 180.215.229.96 GET bgbegin.com/index/test/rilixi
[运行时间：0.124785s] [吞吐率：8.01req/s] [内存消耗：3,441.59kb] [文件加载：77]
[ info ] [ LANG ] /www/wwwroot/bgbegin.com/vendor/zoujingli/think-library/src/lang/zh-cn.php
[ info ] [ LANG ] /www/wwwroot/bgbegin.com/vendor/zoujingli/think-library/src/lang/en-us.php
[ info ] [ LANG ] /www/wwwroot/bgbegin.com/thinkphp/lang/zh-cn.php
[ info ] [ ROUTE ] array (
)
[ info ] [ HEADER ] array (
  'accept' => '*/*',
  'host' => 'bgbegin.com',
  'user-agent' => 'curl/7.29.0',
  'content-type' => '',
  'content-length' => '',
)
[ info ] [ PARAM ] array (
)
[ info ] [ DB ] INIT mysql
---------------------------------------------------------------

[2022-06-15T15:55:01+08:00] 180.215.229.96 GET bgbegin.com/index/Wapy/updatenft
[运行时间：0.101127s] [吞吐率：9.89req/s] [内存消耗：3,436.16kb] [文件加载：76]
[ info ] [ LANG ] /www/wwwroot/bgbegin.com/vendor/zoujingli/think-library/src/lang/zh-cn.php
[ info ] [ LANG ] /www/wwwroot/bgbegin.com/vendor/zoujingli/think-library/src/lang/en-us.php
[ info ] [ LANG ] /www/wwwroot/bgbegin.com/thinkphp/lang/zh-cn.php
[ info ] [ ROUTE ] array (
)
[ info ] [ HEADER ] array (
  'accept' => '*/*',
  'host' => 'bgbegin.com',
  'user-agent' => 'curl/7.29.0',
  'content-type' => '',
  'content-length' => '',
)
[ info ] [ PARAM ] array (
)
[ info ] [ DB ] INIT mysql
---------------------------------------------------------------

[2022-06-15T15:55:01+08:00] 180.215.229.96 GET bgbegin.com/index/test/zhoulixi
[运行时间：0.133489s] [吞吐率：7.49req/s] [内存消耗：3,441.60kb] [文件加载：77]
[ info ] [ LANG ] /www/wwwroot/bgbegin.com/vendor/zoujingli/think-library/src/lang/zh-cn.php
[ info ] [ LANG ] /www/wwwroot/bgbegin.com/vendor/zoujingli/think-library/src/lang/en-us.php
[ info ] [ LANG ] /www/wwwroot/bgbegin.com/thinkphp/lang/zh-cn.php
[ info ] [ ROUTE ] array (
)
[ info ] [ HEADER ] array (
  'accept' => '*/*',
  'host' => 'bgbegin.com',
  'user-agent' => 'curl/7.29.0',
  'content-type' => '',
  'content-length' => '',
)
[ info ] [ PARAM ] array (
)
[ info ] [ DB ] INIT mysql
---------------------------------------------------------------

[2022-06-15T15:55:01+08:00] 180.215.229.96 GET bgbegin.com/index/test/rilixi
[运行时间：0.137578s] [吞吐率：7.27req/s] [内存消耗：3,441.59kb] [文件加载：77]
[ info ] [ LANG ] /www/wwwroot/bgbegin.com/vendor/zoujingli/think-library/src/lang/zh-cn.php
[ info ] [ LANG ] /www/wwwroot/bgbegin.com/vendor/zoujingli/think-library/src/lang/en-us.php
[ info ] [ LANG ] /www/wwwroot/bgbegin.com/thinkphp/lang/zh-cn.php
[ info ] [ ROUTE ] array (
)
[ info ] [ HEADER ] array (
  'accept' => '*/*',
  'host' => 'bgbegin.com',
  'user-agent' => 'curl/7.29.0',
  'content-type' => '',
  'content-length' => '',
)
[ info ] [ PARAM ] array (
)
[ info ] [ DB ] INIT mysql
---------------------------------------------------------------

[2022-06-15T15:55:01+08:00] 180.215.229.96 GET bgbegin.com/index/test/yuelixi
[运行时间：0.108897s] [吞吐率：9.18req/s] [内存消耗：3,441.59kb] [文件加载：77]
[ info ] [ LANG ] /www/wwwroot/bgbegin.com/vendor/zoujingli/think-library/src/lang/zh-cn.php
[ info ] [ LANG ] /www/wwwroot/bgbegin.com/vendor/zoujingli/think-library/src/lang/en-us.php
[ info ] [ LANG ] /www/wwwroot/bgbegin.com/thinkphp/lang/zh-cn.php
[ info ] [ ROUTE ] array (
)
[ info ] [ HEADER ] array (
  'accept' => '*/*',
  'host' => 'bgbegin.com',
  'user-agent' => 'curl/7.29.0',
  'content-type' => '',
  'content-length' => '',
)
[ info ] [ PARAM ] array (
)
[ info ] [ DB ] INIT mysql
---------------------------------------------------------------

[2022-06-15T15:55:01+08:00] 180.215.229.96 GET bgbegin.com/index/test/zhoulixi
[运行时间：0.120652s] [吞吐率：8.29req/s] [内存消耗：3,441.60kb] [文件加载：77]
[ info ] [ LANG ] /www/wwwroot/bgbegin.com/vendor/zoujingli/think-library/src/lang/zh-cn.php
[ info ] [ LANG ] /www/wwwroot/bgbegin.com/vendor/zoujingli/think-library/src/lang/en-us.php
[ info ] [ LANG ] /www/wwwroot/bgbegin.com/thinkphp/lang/zh-cn.php
[ info ] [ ROUTE ] array (
)
[ info ] [ HEADER ] array (
  'accept' => '*/*',
  'host' => 'bgbegin.com',
  'user-agent' => 'curl/7.29.0',
  'content-type' => '',
  'content-length' => '',
)
[ info ] [ PARAM ] array (
)
[ info ] [ DB ] INIT mysql
---------------------------------------------------------------

[2022-06-15T15:55:02+08:00] 180.215.229.96 GET bgbegin.com/index/test/yuelixi
[运行时间：0.134708s] [吞吐率：7.42req/s] [内存消耗：3,441.59kb] [文件加载：77]
[ info ] [ LANG ] /www/wwwroot/bgbegin.com/vendor/zoujingli/think-library/src/lang/zh-cn.php
[ info ] [ LANG ] /www/wwwroot/bgbegin.com/vendor/zoujingli/think-library/src/lang/en-us.php
[ info ] [ LANG ] /www/wwwroot/bgbegin.com/thinkphp/lang/zh-cn.php
[ info ] [ ROUTE ] array (
)
[ info ] [ HEADER ] array (
  'accept' => '*/*',
  'host' => 'bgbegin.com',
  'user-agent' => 'curl/7.29.0',
  'content-type' => '',
  'content-length' => '',
)
[ info ] [ PARAM ] array (
)
[ info ] [ DB ] INIT mysql
---------------------------------------------------------------

[2022-06-15T15:55:02+08:00] 180.215.229.96 GET bgbegin.com/index/Wapy/updatenft
[运行时间：0.118233s] [吞吐率：8.46req/s] [内存消耗：3,436.17kb] [文件加载：76]
[ info ] [ LANG ] /www/wwwroot/bgbegin.com/vendor/zoujingli/think-library/src/lang/zh-cn.php
[ info ] [ LANG ] /www/wwwroot/bgbegin.com/vendor/zoujingli/think-library/src/lang/en-us.php
[ info ] [ LANG ] /www/wwwroot/bgbegin.com/thinkphp/lang/zh-cn.php
[ info ] [ ROUTE ] array (
)
[ info ] [ HEADER ] array (
  'accept' => '*/*',
  'host' => 'bgbegin.com',
  'user-agent' => 'curl/7.29.0',
  'content-type' => '',
  'content-length' => '',
)
[ info ] [ PARAM ] array (
)
[ info ] [ DB ] INIT mysql
---------------------------------------------------------------

[2022-06-15T15:55:03+08:00] 180.215.229.96 GET bgbegin.com/index/Wapy/chongzhi
[运行时间：1.905248s] [吞吐率：0.52req/s] [内存消耗：3,647.80kb] [文件加载：81]
[ info ] [ LANG ] /www/wwwroot/bgbegin.com/vendor/zoujingli/think-library/src/lang/zh-cn.php
[ info ] [ LANG ] /www/wwwroot/bgbegin.com/vendor/zoujingli/think-library/src/lang/en-us.php
[ info ] [ LANG ] /www/wwwroot/bgbegin.com/thinkphp/lang/zh-cn.php
[ info ] [ ROUTE ] array (
)
[ info ] [ HEADER ] array (
  'accept' => '*/*',
  'host' => 'bgbegin.com',
  'user-agent' => 'curl/7.29.0',
  'content-type' => '',
  'content-length' => '',
)
[ info ] [ PARAM ] array (
)
[ info ] [ DB ] INIT mysql
---------------------------------------------------------------

[2022-06-15T15:55:03+08:00] 180.215.229.96 GET bgbegin.com/index/Wapy/jianting
[运行时间：1.922258s] [吞吐率：0.52req/s] [内存消耗：3,654.97kb] [文件加载：81]
[ info ] [ LANG ] /www/wwwroot/bgbegin.com/vendor/zoujingli/think-library/src/lang/zh-cn.php
[ info ] [ LANG ] /www/wwwroot/bgbegin.com/vendor/zoujingli/think-library/src/lang/en-us.php
[ info ] [ LANG ] /www/wwwroot/bgbegin.com/thinkphp/lang/zh-cn.php
[ info ] [ ROUTE ] array (
)
[ info ] [ HEADER ] array (
  'accept' => '*/*',
  'host' => 'bgbegin.com',
  'user-agent' => 'curl/7.29.0',
  'content-type' => '',
  'content-length' => '',
)
[ info ] [ PARAM ] array (
)
[ info ] [ DB ] INIT mysql
---------------------------------------------------------------

[2022-06-15T15:55:03+08:00] 180.215.229.96 GET bgbegin.com/index/wapy/jiageup
[运行时间：1.960409s] [吞吐率：0.51req/s] [内存消耗：3,647.76kb] [文件加载：81]
[ info ] [ LANG ] /www/wwwroot/bgbegin.com/vendor/zoujingli/think-library/src/lang/zh-cn.php
[ info ] [ LANG ] /www/wwwroot/bgbegin.com/vendor/zoujingli/think-library/src/lang/en-us.php
[ info ] [ LANG ] /www/wwwroot/bgbegin.com/thinkphp/lang/zh-cn.php
[ info ] [ ROUTE ] array (
)
[ info ] [ HEADER ] array (
  'accept' => '*/*',
  'host' => 'bgbegin.com',
  'user-agent' => 'curl/7.29.0',
  'content-type' => '',
  'content-length' => '',
)
[ info ] [ PARAM ] array (
)
[ info ] [ DB ] INIT mysql
---------------------------------------------------------------

[2022-06-15T15:55:03+08:00] 180.215.229.96 GET bgbegin.com/index/Wapy/chongzhi
[运行时间：1.982105s] [吞吐率：0.50req/s] [内存消耗：3,434.22kb] [文件加载：76]
[ info ] [ LANG ] /www/wwwroot/bgbegin.com/vendor/zoujingli/think-library/src/lang/zh-cn.php
[ info ] [ LANG ] /www/wwwroot/bgbegin.com/vendor/zoujingli/think-library/src/lang/en-us.php
[ info ] [ LANG ] /www/wwwroot/bgbegin.com/thinkphp/lang/zh-cn.php
[ info ] [ ROUTE ] array (
)
[ info ] [ HEADER ] array (
  'accept' => '*/*',
  'host' => 'bgbegin.com',
  'user-agent' => 'curl/7.29.0',
  'content-type' => '',
  'content-length' => '',
)
[ info ] [ PARAM ] array (
)
[ info ] [ DB ] INIT mysql
---------------------------------------------------------------

[2022-06-15T15:55:03+08:00] 180.215.229.96 GET bgbegin.com/index/Wapy/jianting
[运行时间：1.937170s] [吞吐率：0.52req/s] [内存消耗：3,403.35kb] [文件加载：76]
[ info ] [ LANG ] /www/wwwroot/bgbegin.com/vendor/zoujingli/think-library/src/lang/zh-cn.php
[ info ] [ LANG ] /www/wwwroot/bgbegin.com/vendor/zoujingli/think-library/src/lang/en-us.php
[ info ] [ LANG ] /www/wwwroot/bgbegin.com/thinkphp/lang/zh-cn.php
[ info ] [ ROUTE ] array (
)
[ info ] [ HEADER ] array (
  'accept' => '*/*',
  'host' => 'bgbegin.com',
  'user-agent' => 'curl/7.29.0',
  'content-type' => '',
  'content-length' => '',
)
[ info ] [ PARAM ] array (
)
[ info ] [ DB ] INIT mysql
---------------------------------------------------------------

[2022-06-15T15:55:03+08:00] 180.215.229.96 GET bgbegin.com/index/Wapy/updatenft
[运行时间：0.122679s] [吞吐率：8.15req/s] [内存消耗：3,436.17kb] [文件加载：76]
[ info ] [ LANG ] /www/wwwroot/bgbegin.com/vendor/zoujingli/think-library/src/lang/zh-cn.php
[ info ] [ LANG ] /www/wwwroot/bgbegin.com/vendor/zoujingli/think-library/src/lang/en-us.php
[ info ] [ LANG ] /www/wwwroot/bgbegin.com/thinkphp/lang/zh-cn.php
[ info ] [ ROUTE ] array (
)
[ info ] [ HEADER ] array (
  'accept' => '*/*',
  'host' => 'bgbegin.com',
  'user-agent' => 'curl/7.29.0',
  'content-type' => '',
  'content-length' => '',
)
[ info ] [ PARAM ] array (
)
[ info ] [ DB ] INIT mysql
---------------------------------------------------------------

[2022-06-15T15:55:03+08:00] 180.215.229.96 GET bgbegin.com/index/test/rilixi
[运行时间：0.114744s] [吞吐率：8.72req/s] [内存消耗：3,441.59kb] [文件加载：77]
[ info ] [ LANG ] /www/wwwroot/bgbegin.com/vendor/zoujingli/think-library/src/lang/zh-cn.php
[ info ] [ LANG ] /www/wwwroot/bgbegin.com/vendor/zoujingli/think-library/src/lang/en-us.php
[ info ] [ LANG ] /www/wwwroot/bgbegin.com/thinkphp/lang/zh-cn.php
[ info ] [ ROUTE ] array (
)
[ info ] [ HEADER ] array (
  'accept' => '*/*',
  'host' => 'bgbegin.com',
  'user-agent' => 'curl/7.29.0',
  'content-type' => '',
  'content-length' => '',
)
[ info ] [ PARAM ] array (
)
[ info ] [ DB ] INIT mysql
---------------------------------------------------------------

[2022-06-15T15:55:04+08:00] 180.215.229.96 GET bgbegin.com/index/test/zhoulixi
[运行时间：0.137474s] [吞吐率：7.27req/s] [内存消耗：3,441.60kb] [文件加载：77]
[ info ] [ LANG ] /www/wwwroot/bgbegin.com/vendor/zoujingli/think-library/src/lang/zh-cn.php
[ info ] [ LANG ] /www/wwwroot/bgbegin.com/vendor/zoujingli/think-library/src/lang/en-us.php
[ info ] [ LANG ] /www/wwwroot/bgbegin.com/thinkphp/lang/zh-cn.php
[ info ] [ ROUTE ] array (
)
[ info ] [ HEADER ] array (
  'accept' => '*/*',
  'host' => 'bgbegin.com',
  'user-agent' => 'curl/7.29.0',
  'content-type' => '',
  'content-length' => '',
)
[ info ] [ PARAM ] array (
)
[ info ] [ DB ] INIT mysql
---------------------------------------------------------------

[2022-06-15T15:55:04+08:00] 180.215.229.96 GET bgbegin.com/index/test/rilixi
[运行时间：0.133027s] [吞吐率：7.52req/s] [内存消耗：3,441.59kb] [文件加载：77]
[ info ] [ LANG ] /www/wwwroot/bgbegin.com/vendor/zoujingli/think-library/src/lang/zh-cn.php
[ info ] [ LANG ] /www/wwwroot/bgbegin.com/vendor/zoujingli/think-library/src/lang/en-us.php
[ info ] [ LANG ] /www/wwwroot/bgbegin.com/thinkphp/lang/zh-cn.php
[ info ] [ ROUTE ] array (
)
[ info ] [ HEADER ] array (
  'accept' => '*/*',
  'host' => 'bgbegin.com',
  'user-agent' => 'curl/7.29.0',
  'content-type' => '',
  'content-length' => '',
)
[ info ] [ PARAM ] array (
)
[ info ] [ DB ] INIT mysql
---------------------------------------------------------------

[2022-06-15T15:55:04+08:00] 180.215.229.96 GET bgbegin.com/index/test/yuelixi
[运行时间：0.080123s] [吞吐率：12.48req/s] [内存消耗：3,441.59kb] [文件加载：77]
[ info ] [ LANG ] /www/wwwroot/bgbegin.com/vendor/zoujingli/think-library/src/lang/zh-cn.php
[ info ] [ LANG ] /www/wwwroot/bgbegin.com/vendor/zoujingli/think-library/src/lang/en-us.php
[ info ] [ LANG ] /www/wwwroot/bgbegin.com/thinkphp/lang/zh-cn.php
[ info ] [ ROUTE ] array (
)
[ info ] [ HEADER ] array (
  'accept' => '*/*',
  'host' => 'bgbegin.com',
  'user-agent' => 'curl/7.29.0',
  'content-type' => '',
  'content-length' => '',
)
[ info ] [ PARAM ] array (
)
[ info ] [ DB ] INIT mysql
---------------------------------------------------------------

[2022-06-15T15:55:04+08:00] 180.215.229.96 GET bgbegin.com/index/test/zhoulixi
[运行时间：0.084101s] [吞吐率：11.89req/s] [内存消耗：3,441.60kb] [文件加载：77]
[ info ] [ LANG ] /www/wwwroot/bgbegin.com/vendor/zoujingli/think-library/src/lang/zh-cn.php
[ info ] [ LANG ] /www/wwwroot/bgbegin.com/vendor/zoujingli/think-library/src/lang/en-us.php
[ info ] [ LANG ] /www/wwwroot/bgbegin.com/thinkphp/lang/zh-cn.php
[ info ] [ ROUTE ] array (
)
[ info ] [ HEADER ] array (
  'accept' => '*/*',
  'host' => 'bgbegin.com',
  'user-agent' => 'curl/7.29.0',
  'content-type' => '',
  'content-length' => '',
)
[ info ] [ PARAM ] array (
)
[ info ] [ DB ] INIT mysql
---------------------------------------------------------------

[2022-06-15T15:55:04+08:00] 180.215.229.96 GET bgbegin.com/index/test/yuelixi
[运行时间：0.121734s] [吞吐率：8.21req/s] [内存消耗：3,441.59kb] [文件加载：77]
[ info ] [ LANG ] /www/wwwroot/bgbegin.com/vendor/zoujingli/think-library/src/lang/zh-cn.php
[ info ] [ LANG ] /www/wwwroot/bgbegin.com/vendor/zoujingli/think-library/src/lang/en-us.php
[ info ] [ LANG ] /www/wwwroot/bgbegin.com/thinkphp/lang/zh-cn.php
[ info ] [ ROUTE ] array (
)
[ info ] [ HEADER ] array (
  'accept' => '*/*',
  'host' => 'bgbegin.com',
  'user-agent' => 'curl/7.29.0',
  'content-type' => '',
  'content-length' => '',
)
[ info ] [ PARAM ] array (
)
[ info ] [ DB ] INIT mysql
---------------------------------------------------------------

[2022-06-15T15:55:04+08:00] 180.215.229.96 GET bgbegin.com/index/Wapy/updatenft
[运行时间：0.110407s] [吞吐率：9.06req/s] [内存消耗：3,436.17kb] [文件加载：76]
[ info ] [ LANG ] /www/wwwroot/bgbegin.com/vendor/zoujingli/think-library/src/lang/zh-cn.php
[ info ] [ LANG ] /www/wwwroot/bgbegin.com/vendor/zoujingli/think-library/src/lang/en-us.php
[ info ] [ LANG ] /www/wwwroot/bgbegin.com/thinkphp/lang/zh-cn.php
[ info ] [ ROUTE ] array (
)
[ info ] [ HEADER ] array (
  'accept' => '*/*',
  'host' => 'bgbegin.com',
  'user-agent' => 'curl/7.29.0',
  'content-type' => '',
  'content-length' => '',
)
[ info ] [ PARAM ] array (
)
[ info ] [ DB ] INIT mysql
---------------------------------------------------------------

[2022-06-15T15:55:06+08:00] 180.215.229.96 GET bgbegin.com/index/Wapy/updatenft
[运行时间：0.098168s] [吞吐率：10.19req/s] [内存消耗：3,436.17kb] [文件加载：76]
[ info ] [ LANG ] /www/wwwroot/bgbegin.com/vendor/zoujingli/think-library/src/lang/zh-cn.php
[ info ] [ LANG ] /www/wwwroot/bgbegin.com/vendor/zoujingli/think-library/src/lang/en-us.php
[ info ] [ LANG ] /www/wwwroot/bgbegin.com/thinkphp/lang/zh-cn.php
[ info ] [ ROUTE ] array (
)
[ info ] [ HEADER ] array (
  'accept' => '*/*',
  'host' => 'bgbegin.com',
  'user-agent' => 'curl/7.29.0',
  'content-type' => '',
  'content-length' => '',
)
[ info ] [ PARAM ] array (
)
[ info ] [ DB ] INIT mysql
---------------------------------------------------------------

[2022-06-15T15:55:06+08:00] 180.215.229.96 GET bgbegin.com/index/test/rilixi
[运行时间：0.111915s] [吞吐率：8.94req/s] [内存消耗：3,441.59kb] [文件加载：77]
[ info ] [ LANG ] /www/wwwroot/bgbegin.com/vendor/zoujingli/think-library/src/lang/zh-cn.php
[ info ] [ LANG ] /www/wwwroot/bgbegin.com/vendor/zoujingli/think-library/src/lang/en-us.php
[ info ] [ LANG ] /www/wwwroot/bgbegin.com/thinkphp/lang/zh-cn.php
[ info ] [ ROUTE ] array (
)
[ info ] [ HEADER ] array (
  'accept' => '*/*',
  'host' => 'bgbegin.com',
  'user-agent' => 'curl/7.29.0',
  'content-type' => '',
  'content-length' => '',
)
[ info ] [ PARAM ] array (
)
[ info ] [ DB ] INIT mysql
---------------------------------------------------------------

[2022-06-15T15:55:06+08:00] 180.215.229.96 GET bgbegin.com/index/test/zhoulixi
[运行时间：0.132507s] [吞吐率：7.55req/s] [内存消耗：3,441.60kb] [文件加载：77]
[ info ] [ LANG ] /www/wwwroot/bgbegin.com/vendor/zoujingli/think-library/src/lang/zh-cn.php
[ info ] [ LANG ] /www/wwwroot/bgbegin.com/vendor/zoujingli/think-library/src/lang/en-us.php
[ info ] [ LANG ] /www/wwwroot/bgbegin.com/thinkphp/lang/zh-cn.php
[ info ] [ ROUTE ] array (
)
[ info ] [ HEADER ] array (
  'accept' => '*/*',
  'host' => 'bgbegin.com',
  'user-agent' => 'curl/7.29.0',
  'content-type' => '',
  'content-length' => '',
)
[ info ] [ PARAM ] array (
)
[ info ] [ DB ] INIT mysql
---------------------------------------------------------------

[2022-06-15T15:55:06+08:00] 180.215.229.96 GET bgbegin.com/index/test/rilixi
[运行时间：0.136568s] [吞吐率：7.32req/s] [内存消耗：3,441.59kb] [文件加载：77]
[ info ] [ LANG ] /www/wwwroot/bgbegin.com/vendor/zoujingli/think-library/src/lang/zh-cn.php
[ info ] [ LANG ] /www/wwwroot/bgbegin.com/vendor/zoujingli/think-library/src/lang/en-us.php
[ info ] [ LANG ] /www/wwwroot/bgbegin.com/thinkphp/lang/zh-cn.php
[ info ] [ ROUTE ] array (
)
[ info ] [ HEADER ] array (
  'accept' => '*/*',
  'host' => 'bgbegin.com',
  'user-agent' => 'curl/7.29.0',
  'content-type' => '',
  'content-length' => '',
)
[ info ] [ PARAM ] array (
)
[ info ] [ DB ] INIT mysql
---------------------------------------------------------------

[2022-06-15T15:55:06+08:00] 180.215.229.96 GET bgbegin.com/index/test/yuelixi
[运行时间：0.134583s] [吞吐率：7.43req/s] [内存消耗：3,441.59kb] [文件加载：77]
[ info ] [ LANG ] /www/wwwroot/bgbegin.com/vendor/zoujingli/think-library/src/lang/zh-cn.php
[ info ] [ LANG ] /www/wwwroot/bgbegin.com/vendor/zoujingli/think-library/src/lang/en-us.php
[ info ] [ LANG ] /www/wwwroot/bgbegin.com/thinkphp/lang/zh-cn.php
[ info ] [ ROUTE ] array (
)
[ info ] [ HEADER ] array (
  'accept' => '*/*',
  'host' => 'bgbegin.com',
  'user-agent' => 'curl/7.29.0',
  'content-type' => '',
  'content-length' => '',
)
[ info ] [ PARAM ] array (
)
[ info ] [ DB ] INIT mysql
---------------------------------------------------------------

[2022-06-15T15:55:06+08:00] 180.215.229.96 GET bgbegin.com/index/test/zhoulixi
[运行时间：0.129416s] [吞吐率：7.73req/s] [内存消耗：3,441.60kb] [文件加载：77]
[ info ] [ LANG ] /www/wwwroot/bgbegin.com/vendor/zoujingli/think-library/src/lang/zh-cn.php
[ info ] [ LANG ] /www/wwwroot/bgbegin.com/vendor/zoujingli/think-library/src/lang/en-us.php
[ info ] [ LANG ] /www/wwwroot/bgbegin.com/thinkphp/lang/zh-cn.php
[ info ] [ ROUTE ] array (
)
[ info ] [ HEADER ] array (
  'accept' => '*/*',
  'host' => 'bgbegin.com',
  'user-agent' => 'curl/7.29.0',
  'content-type' => '',
  'content-length' => '',
)
[ info ] [ PARAM ] array (
)
[ info ] [ DB ] INIT mysql
---------------------------------------------------------------

[2022-06-15T15:55:07+08:00] 180.215.229.96 GET bgbegin.com/index/test/yuelixi
[运行时间：0.103563s] [吞吐率：9.66req/s] [内存消耗：3,441.59kb] [文件加载：77]
[ info ] [ LANG ] /www/wwwroot/bgbegin.com/vendor/zoujingli/think-library/src/lang/zh-cn.php
[ info ] [ LANG ] /www/wwwroot/bgbegin.com/vendor/zoujingli/think-library/src/lang/en-us.php
[ info ] [ LANG ] /www/wwwroot/bgbegin.com/thinkphp/lang/zh-cn.php
[ info ] [ ROUTE ] array (
)
[ info ] [ HEADER ] array (
  'accept' => '*/*',
  'host' => 'bgbegin.com',
  'user-agent' => 'curl/7.29.0',
  'content-type' => '',
  'content-length' => '',
)
[ info ] [ PARAM ] array (
)
[ info ] [ DB ] INIT mysql
---------------------------------------------------------------

[2022-06-15T15:55:07+08:00] 180.215.229.96 GET bgbegin.com/index/Wapy/chongzhi
[运行时间：1.944596s] [吞吐率：0.51req/s] [内存消耗：3,647.80kb] [文件加载：81]
[ info ] [ LANG ] /www/wwwroot/bgbegin.com/vendor/zoujingli/think-library/src/lang/zh-cn.php
[ info ] [ LANG ] /www/wwwroot/bgbegin.com/vendor/zoujingli/think-library/src/lang/en-us.php
[ info ] [ LANG ] /www/wwwroot/bgbegin.com/thinkphp/lang/zh-cn.php
[ info ] [ ROUTE ] array (
)
[ info ] [ HEADER ] array (
  'accept' => '*/*',
  'host' => 'bgbegin.com',
  'user-agent' => 'curl/7.29.0',
  'content-type' => '',
  'content-length' => '',
)
[ info ] [ PARAM ] array (
)
[ info ] [ DB ] INIT mysql
---------------------------------------------------------------

[2022-06-15T15:55:07+08:00] 180.215.229.96 GET bgbegin.com/index/wapy/jiageup
[运行时间：1.933522s] [吞吐率：0.52req/s] [内存消耗：3,647.76kb] [文件加载：81]
[ info ] [ LANG ] /www/wwwroot/bgbegin.com/vendor/zoujingli/think-library/src/lang/zh-cn.php
[ info ] [ LANG ] /www/wwwroot/bgbegin.com/vendor/zoujingli/think-library/src/lang/en-us.php
[ info ] [ LANG ] /www/wwwroot/bgbegin.com/thinkphp/lang/zh-cn.php
[ info ] [ ROUTE ] array (
)
[ info ] [ HEADER ] array (
  'accept' => '*/*',
  'host' => 'bgbegin.com',
  'user-agent' => 'curl/7.29.0',
  'content-type' => '',
  'content-length' => '',
)
[ info ] [ PARAM ] array (
)
[ info ] [ DB ] INIT mysql
---------------------------------------------------------------

[2022-06-15T15:55:07+08:00] 180.215.229.96 GET bgbegin.com/index/Wapy/jianting
[运行时间：1.959589s] [吞吐率：0.51req/s] [内存消耗：3,616.34kb] [文件加载：81]
[ info ] [ LANG ] /www/wwwroot/bgbegin.com/vendor/zoujingli/think-library/src/lang/zh-cn.php
[ info ] [ LANG ] /www/wwwroot/bgbegin.com/vendor/zoujingli/think-library/src/lang/en-us.php
[ info ] [ LANG ] /www/wwwroot/bgbegin.com/thinkphp/lang/zh-cn.php
[ info ] [ ROUTE ] array (
)
[ info ] [ HEADER ] array (
  'accept' => '*/*',
  'host' => 'bgbegin.com',
  'user-agent' => 'curl/7.29.0',
  'content-type' => '',
  'content-length' => '',
)
[ info ] [ PARAM ] array (
)
[ info ] [ DB ] INIT mysql
---------------------------------------------------------------

[2022-06-15T15:55:07+08:00] 180.215.229.96 GET bgbegin.com/index/Wapy/chongzhi
[运行时间：1.972995s] [吞吐率：0.51req/s] [内存消耗：3,434.20kb] [文件加载：76]
[ info ] [ LANG ] /www/wwwroot/bgbegin.com/vendor/zoujingli/think-library/src/lang/zh-cn.php
[ info ] [ LANG ] /www/wwwroot/bgbegin.com/vendor/zoujingli/think-library/src/lang/en-us.php
[ info ] [ LANG ] /www/wwwroot/bgbegin.com/thinkphp/lang/zh-cn.php
[ info ] [ ROUTE ] array (
)
[ info ] [ HEADER ] array (
  'accept' => '*/*',
  'host' => 'bgbegin.com',
  'user-agent' => 'curl/7.29.0',
  'content-type' => '',
  'content-length' => '',
)
[ info ] [ PARAM ] array (
)
[ info ] [ DB ] INIT mysql
---------------------------------------------------------------

[2022-06-15T15:55:07+08:00] 180.215.229.96 GET bgbegin.com/index/Wapy/jianting
[运行时间：1.945328s] [吞吐率：0.51req/s] [内存消耗：3,403.37kb] [文件加载：76]
[ info ] [ LANG ] /www/wwwroot/bgbegin.com/vendor/zoujingli/think-library/src/lang/zh-cn.php
[ info ] [ LANG ] /www/wwwroot/bgbegin.com/vendor/zoujingli/think-library/src/lang/en-us.php
[ info ] [ LANG ] /www/wwwroot/bgbegin.com/thinkphp/lang/zh-cn.php
[ info ] [ ROUTE ] array (
)
[ info ] [ HEADER ] array (
  'accept' => '*/*',
  'host' => 'bgbegin.com',
  'user-agent' => 'curl/7.29.0',
  'content-type' => '',
  'content-length' => '',
)
[ info ] [ PARAM ] array (
)
[ info ] [ DB ] INIT mysql
---------------------------------------------------------------

[2022-06-15T15:55:08+08:00] 180.215.229.96 GET bgbegin.com/index/Wapy/updatenft
[运行时间：0.118615s] [吞吐率：8.43req/s] [内存消耗：3,436.17kb] [文件加载：76]
[ info ] [ LANG ] /www/wwwroot/bgbegin.com/vendor/zoujingli/think-library/src/lang/zh-cn.php
[ info ] [ LANG ] /www/wwwroot/bgbegin.com/vendor/zoujingli/think-library/src/lang/en-us.php
[ info ] [ LANG ] /www/wwwroot/bgbegin.com/thinkphp/lang/zh-cn.php
[ info ] [ ROUTE ] array (
)
[ info ] [ HEADER ] array (
  'accept' => '*/*',
  'host' => 'bgbegin.com',
  'user-agent' => 'curl/7.29.0',
  'content-type' => '',
  'content-length' => '',
)
[ info ] [ PARAM ] array (
)
[ info ] [ DB ] INIT mysql
---------------------------------------------------------------

[2022-06-15T15:55:08+08:00] 180.215.229.96 GET bgbegin.com/index/test/rilixi
[运行时间：0.113256s] [吞吐率：8.83req/s] [内存消耗：3,441.59kb] [文件加载：77]
[ info ] [ LANG ] /www/wwwroot/bgbegin.com/vendor/zoujingli/think-library/src/lang/zh-cn.php
[ info ] [ LANG ] /www/wwwroot/bgbegin.com/vendor/zoujingli/think-library/src/lang/en-us.php
[ info ] [ LANG ] /www/wwwroot/bgbegin.com/thinkphp/lang/zh-cn.php
[ info ] [ ROUTE ] array (
)
[ info ] [ HEADER ] array (
  'accept' => '*/*',
  'host' => 'bgbegin.com',
  'user-agent' => 'curl/7.29.0',
  'content-type' => '',
  'content-length' => '',
)
[ info ] [ PARAM ] array (
)
[ info ] [ DB ] INIT mysql
---------------------------------------------------------------

[2022-06-15T15:55:09+08:00] 180.215.229.96 GET bgbegin.com/index/test/zhoulixi
[运行时间：0.104441s] [吞吐率：9.57req/s] [内存消耗：3,441.60kb] [文件加载：77]
[ info ] [ LANG ] /www/wwwroot/bgbegin.com/vendor/zoujingli/think-library/src/lang/zh-cn.php
[ info ] [ LANG ] /www/wwwroot/bgbegin.com/vendor/zoujingli/think-library/src/lang/en-us.php
[ info ] [ LANG ] /www/wwwroot/bgbegin.com/thinkphp/lang/zh-cn.php
[ info ] [ ROUTE ] array (
)
[ info ] [ HEADER ] array (
  'accept' => '*/*',
  'host' => 'bgbegin.com',
  'user-agent' => 'curl/7.29.0',
  'content-type' => '',
  'content-length' => '',
)
[ info ] [ PARAM ] array (
)
[ info ] [ DB ] INIT mysql
---------------------------------------------------------------

[2022-06-15T15:55:09+08:00] 180.215.229.96 GET bgbegin.com/index/test/rilixi
[运行时间：0.116659s] [吞吐率：8.57req/s] [内存消耗：3,441.59kb] [文件加载：77]
[ info ] [ LANG ] /www/wwwroot/bgbegin.com/vendor/zoujingli/think-library/src/lang/zh-cn.php
[ info ] [ LANG ] /www/wwwroot/bgbegin.com/vendor/zoujingli/think-library/src/lang/en-us.php
[ info ] [ LANG ] /www/wwwroot/bgbegin.com/thinkphp/lang/zh-cn.php
[ info ] [ ROUTE ] array (
)
[ info ] [ HEADER ] array (
  'accept' => '*/*',
  'host' => 'bgbegin.com',
  'user-agent' => 'curl/7.29.0',
  'content-type' => '',
  'content-length' => '',
)
[ info ] [ PARAM ] array (
)
[ info ] [ DB ] INIT mysql
---------------------------------------------------------------

[2022-06-15T15:55:09+08:00] 180.215.229.96 GET bgbegin.com/index/test/yuelixi
[运行时间：0.125893s] [吞吐率：7.94req/s] [内存消耗：3,441.59kb] [文件加载：77]
[ info ] [ LANG ] /www/wwwroot/bgbegin.com/vendor/zoujingli/think-library/src/lang/zh-cn.php
[ info ] [ LANG ] /www/wwwroot/bgbegin.com/vendor/zoujingli/think-library/src/lang/en-us.php
[ info ] [ LANG ] /www/wwwroot/bgbegin.com/thinkphp/lang/zh-cn.php
[ info ] [ ROUTE ] array (
)
[ info ] [ HEADER ] array (
  'accept' => '*/*',
  'host' => 'bgbegin.com',
  'user-agent' => 'curl/7.29.0',
  'content-type' => '',
  'content-length' => '',
)
[ info ] [ PARAM ] array (
)
[ info ] [ DB ] INIT mysql
---------------------------------------------------------------

[2022-06-15T15:55:09+08:00] 180.215.229.96 GET bgbegin.com/index/test/zhoulixi
[运行时间：0.102262s] [吞吐率：9.78req/s] [内存消耗：3,441.60kb] [文件加载：77]
[ info ] [ LANG ] /www/wwwroot/bgbegin.com/vendor/zoujingli/think-library/src/lang/zh-cn.php
[ info ] [ LANG ] /www/wwwroot/bgbegin.com/vendor/zoujingli/think-library/src/lang/en-us.php
[ info ] [ LANG ] /www/wwwroot/bgbegin.com/thinkphp/lang/zh-cn.php
[ info ] [ ROUTE ] array (
)
[ info ] [ HEADER ] array (
  'accept' => '*/*',
  'host' => 'bgbegin.com',
  'user-agent' => 'curl/7.29.0',
  'content-type' => '',
  'content-length' => '',
)
[ info ] [ PARAM ] array (
)
[ info ] [ DB ] INIT mysql
---------------------------------------------------------------

[2022-06-15T15:55:09+08:00] 180.215.229.96 GET bgbegin.com/index/test/yuelixi
[运行时间：0.120504s] [吞吐率：8.30req/s] [内存消耗：3,441.59kb] [文件加载：77]
[ info ] [ LANG ] /www/wwwroot/bgbegin.com/vendor/zoujingli/think-library/src/lang/zh-cn.php
[ info ] [ LANG ] /www/wwwroot/bgbegin.com/vendor/zoujingli/think-library/src/lang/en-us.php
[ info ] [ LANG ] /www/wwwroot/bgbegin.com/thinkphp/lang/zh-cn.php
[ info ] [ ROUTE ] array (
)
[ info ] [ HEADER ] array (
  'accept' => '*/*',
  'host' => 'bgbegin.com',
  'user-agent' => 'curl/7.29.0',
  'content-type' => '',
  'content-length' => '',
)
[ info ] [ PARAM ] array (
)
[ info ] [ DB ] INIT mysql
---------------------------------------------------------------

[2022-06-15T15:55:10+08:00] 180.215.229.96 GET bgbegin.com/index/Wapy/updatenft
[运行时间：0.112363s] [吞吐率：8.90req/s] [内存消耗：3,436.16kb] [文件加载：76]
[ info ] [ LANG ] /www/wwwroot/bgbegin.com/vendor/zoujingli/think-library/src/lang/zh-cn.php
[ info ] [ LANG ] /www/wwwroot/bgbegin.com/vendor/zoujingli/think-library/src/lang/en-us.php
[ info ] [ LANG ] /www/wwwroot/bgbegin.com/thinkphp/lang/zh-cn.php
[ info ] [ ROUTE ] array (
)
[ info ] [ HEADER ] array (
  'accept' => '*/*',
  'host' => 'bgbegin.com',
  'user-agent' => 'curl/7.29.0',
  'content-type' => '',
  'content-length' => '',
)
[ info ] [ PARAM ] array (
)
[ info ] [ DB ] INIT mysql
---------------------------------------------------------------

[2022-06-15T15:55:11+08:00] 180.215.229.96 GET bgbegin.com/index/Wapy/jianting
[运行时间：1.908744s] [吞吐率：0.52req/s] [内存消耗：3,616.34kb] [文件加载：81]
[ info ] [ LANG ] /www/wwwroot/bgbegin.com/vendor/zoujingli/think-library/src/lang/zh-cn.php
[ info ] [ LANG ] /www/wwwroot/bgbegin.com/vendor/zoujingli/think-library/src/lang/en-us.php
[ info ] [ LANG ] /www/wwwroot/bgbegin.com/thinkphp/lang/zh-cn.php
[ info ] [ ROUTE ] array (
)
[ info ] [ HEADER ] array (
  'accept' => '*/*',
  'host' => 'bgbegin.com',
  'user-agent' => 'curl/7.29.0',
  'content-type' => '',
  'content-length' => '',
)
[ info ] [ PARAM ] array (
)
[ info ] [ DB ] INIT mysql
---------------------------------------------------------------

[2022-06-15T15:55:11+08:00] 180.215.229.96 GET bgbegin.com/index/test/rilixi
[运行时间：0.124790s] [吞吐率：8.01req/s] [内存消耗：3,441.59kb] [文件加载：77]
[ info ] [ LANG ] /www/wwwroot/bgbegin.com/vendor/zoujingli/think-library/src/lang/zh-cn.php
[ info ] [ LANG ] /www/wwwroot/bgbegin.com/vendor/zoujingli/think-library/src/lang/en-us.php
[ info ] [ LANG ] /www/wwwroot/bgbegin.com/thinkphp/lang/zh-cn.php
[ info ] [ ROUTE ] array (
)
[ info ] [ HEADER ] array (
  'accept' => '*/*',
  'host' => 'bgbegin.com',
  'user-agent' => 'curl/7.29.0',
  'content-type' => '',
  'content-length' => '',
)
[ info ] [ PARAM ] array (
)
[ info ] [ DB ] INIT mysql
---------------------------------------------------------------

[2022-06-15T15:55:11+08:00] 180.215.229.96 GET bgbegin.com/index/wapy/jiageup
[运行时间：1.973865s] [吞吐率：0.51req/s] [内存消耗：3,647.77kb] [文件加载：81]
[ info ] [ LANG ] /www/wwwroot/bgbegin.com/vendor/zoujingli/think-library/src/lang/zh-cn.php
[ info ] [ LANG ] /www/wwwroot/bgbegin.com/vendor/zoujingli/think-library/src/lang/en-us.php
[ info ] [ LANG ] /www/wwwroot/bgbegin.com/thinkphp/lang/zh-cn.php
[ info ] [ ROUTE ] array (
)
[ info ] [ HEADER ] array (
  'accept' => '*/*',
  'host' => 'bgbegin.com',
  'user-agent' => 'curl/7.29.0',
  'content-type' => '',
  'content-length' => '',
)
[ info ] [ PARAM ] array (
)
[ info ] [ DB ] INIT mysql
---------------------------------------------------------------

[2022-06-15T15:55:11+08:00] 180.215.229.96 GET bgbegin.com/index/Wapy/chongzhi
[运行时间：1.907985s] [吞吐率：0.52req/s] [内存消耗：3,434.22kb] [文件加载：76]
[ info ] [ LANG ] /www/wwwroot/bgbegin.com/vendor/zoujingli/think-library/src/lang/zh-cn.php
[ info ] [ LANG ] /www/wwwroot/bgbegin.com/vendor/zoujingli/think-library/src/lang/en-us.php
[ info ] [ LANG ] /www/wwwroot/bgbegin.com/thinkphp/lang/zh-cn.php
[ info ] [ ROUTE ] array (
)
[ info ] [ HEADER ] array (
  'accept' => '*/*',
  'host' => 'bgbegin.com',
  'user-agent' => 'curl/7.29.0',
  'content-type' => '',
  'content-length' => '',
)
[ info ] [ PARAM ] array (
)
[ info ] [ DB ] INIT mysql
---------------------------------------------------------------

[2022-06-15T15:55:11+08:00] 180.215.229.96 GET bgbegin.com/index/test/rilixi
[运行时间：0.101294s] [吞吐率：9.87req/s] [内存消耗：3,441.59kb] [文件加载：77]
[ info ] [ LANG ] /www/wwwroot/bgbegin.com/vendor/zoujingli/think-library/src/lang/zh-cn.php
[ info ] [ LANG ] /www/wwwroot/bgbegin.com/vendor/zoujingli/think-library/src/lang/en-us.php
[ info ] [ LANG ] /www/wwwroot/bgbegin.com/thinkphp/lang/zh-cn.php
[ info ] [ ROUTE ] array (
)
[ info ] [ HEADER ] array (
  'accept' => '*/*',
  'host' => 'bgbegin.com',
  'user-agent' => 'curl/7.29.0',
  'content-type' => '',
  'content-length' => '',
)
[ info ] [ PARAM ] array (
)
[ info ] [ DB ] INIT mysql
---------------------------------------------------------------

[2022-06-15T15:55:11+08:00] 180.215.229.96 GET bgbegin.com/index/test/zhoulixi
[运行时间：0.134318s] [吞吐率：7.45req/s] [内存消耗：3,441.60kb] [文件加载：77]
[ info ] [ LANG ] /www/wwwroot/bgbegin.com/vendor/zoujingli/think-library/src/lang/zh-cn.php
[ info ] [ LANG ] /www/wwwroot/bgbegin.com/vendor/zoujingli/think-library/src/lang/en-us.php
[ info ] [ LANG ] /www/wwwroot/bgbegin.com/thinkphp/lang/zh-cn.php
[ info ] [ ROUTE ] array (
)
[ info ] [ HEADER ] array (
  'accept' => '*/*',
  'host' => 'bgbegin.com',
  'user-agent' => 'curl/7.29.0',
  'content-type' => '',
  'content-length' => '',
)
[ info ] [ PARAM ] array (
)
[ info ] [ DB ] INIT mysql
---------------------------------------------------------------

[2022-06-15T15:55:11+08:00] 180.215.229.96 GET bgbegin.com/index/test/zhoulixi
[运行时间：0.116978s] [吞吐率：8.55req/s] [内存消耗：3,441.60kb] [文件加载：77]
[ info ] [ LANG ] /www/wwwroot/bgbegin.com/vendor/zoujingli/think-library/src/lang/zh-cn.php
[ info ] [ LANG ] /www/wwwroot/bgbegin.com/vendor/zoujingli/think-library/src/lang/en-us.php
[ info ] [ LANG ] /www/wwwroot/bgbegin.com/thinkphp/lang/zh-cn.php
[ info ] [ ROUTE ] array (
)
[ info ] [ HEADER ] array (
  'accept' => '*/*',
  'host' => 'bgbegin.com',
  'user-agent' => 'curl/7.29.0',
  'content-type' => '',
  'content-length' => '',
)
[ info ] [ PARAM ] array (
)
[ info ] [ DB ] INIT mysql
---------------------------------------------------------------

[2022-06-15T15:55:11+08:00] 180.215.229.96 GET bgbegin.com/index/Wapy/jianting
[运行时间：1.965624s] [吞吐率：0.51req/s] [内存消耗：3,403.45kb] [文件加载：76]
[ info ] [ LANG ] /www/wwwroot/bgbegin.com/vendor/zoujingli/think-library/src/lang/zh-cn.php
[ info ] [ LANG ] /www/wwwroot/bgbegin.com/vendor/zoujingli/think-library/src/lang/en-us.php
[ info ] [ LANG ] /www/wwwroot/bgbegin.com/thinkphp/lang/zh-cn.php
[ info ] [ ROUTE ] array (
)
[ info ] [ HEADER ] array (
  'accept' => '*/*',
  'host' => 'bgbegin.com',
  'user-agent' => 'curl/7.29.0',
  'content-type' => '',
  'content-length' => '',
)
[ info ] [ PARAM ] array (
)
[ info ] [ DB ] INIT mysql
---------------------------------------------------------------

[2022-06-15T15:55:11+08:00] 180.215.229.96 GET bgbegin.com/index/test/yuelixi
[运行时间：0.128187s] [吞吐率：7.80req/s] [内存消耗：3,441.59kb] [文件加载：77]
[ info ] [ LANG ] /www/wwwroot/bgbegin.com/vendor/zoujingli/think-library/src/lang/zh-cn.php
[ info ] [ LANG ] /www/wwwroot/bgbegin.com/vendor/zoujingli/think-library/src/lang/en-us.php
[ info ] [ LANG ] /www/wwwroot/bgbegin.com/thinkphp/lang/zh-cn.php
[ info ] [ ROUTE ] array (
)
[ info ] [ HEADER ] array (
  'accept' => '*/*',
  'host' => 'bgbegin.com',
  'user-agent' => 'curl/7.29.0',
  'content-type' => '',
  'content-length' => '',
)
[ info ] [ PARAM ] array (
)
[ info ] [ DB ] INIT mysql
---------------------------------------------------------------

[2022-06-15T15:55:11+08:00] 180.215.229.96 GET bgbegin.com/index/Wapy/chongzhi
[运行时间：1.939806s] [吞吐率：0.52req/s] [内存消耗：3,434.20kb] [文件加载：76]
[ info ] [ LANG ] /www/wwwroot/bgbegin.com/vendor/zoujingli/think-library/src/lang/zh-cn.php
[ info ] [ LANG ] /www/wwwroot/bgbegin.com/vendor/zoujingli/think-library/src/lang/en-us.php
[ info ] [ LANG ] /www/wwwroot/bgbegin.com/thinkphp/lang/zh-cn.php
[ info ] [ ROUTE ] array (
)
[ info ] [ HEADER ] array (
  'accept' => '*/*',
  'host' => 'bgbegin.com',
  'user-agent' => 'curl/7.29.0',
  'content-type' => '',
  'content-length' => '',
)
[ info ] [ PARAM ] array (
)
[ info ] [ DB ] INIT mysql
---------------------------------------------------------------

[2022-06-15T15:55:11+08:00] 180.215.229.96 GET bgbegin.com/index/test/yuelixi
[运行时间：0.125152s] [吞吐率：7.99req/s] [内存消耗：3,441.59kb] [文件加载：77]
[ info ] [ LANG ] /www/wwwroot/bgbegin.com/vendor/zoujingli/think-library/src/lang/zh-cn.php
[ info ] [ LANG ] /www/wwwroot/bgbegin.com/vendor/zoujingli/think-library/src/lang/en-us.php
[ info ] [ LANG ] /www/wwwroot/bgbegin.com/thinkphp/lang/zh-cn.php
[ info ] [ ROUTE ] array (
)
[ info ] [ HEADER ] array (
  'accept' => '*/*',
  'host' => 'bgbegin.com',
  'user-agent' => 'curl/7.29.0',
  'content-type' => '',
  'content-length' => '',
)
[ info ] [ PARAM ] array (
)
[ info ] [ DB ] INIT mysql
---------------------------------------------------------------

[2022-06-15T15:55:12+08:00] 180.215.229.96 GET bgbegin.com/index/Wapy/updatenft
[运行时间：0.103883s] [吞吐率：9.63req/s] [内存消耗：3,436.16kb] [文件加载：76]
[ info ] [ LANG ] /www/wwwroot/bgbegin.com/vendor/zoujingli/think-library/src/lang/zh-cn.php
[ info ] [ LANG ] /www/wwwroot/bgbegin.com/vendor/zoujingli/think-library/src/lang/en-us.php
[ info ] [ LANG ] /www/wwwroot/bgbegin.com/thinkphp/lang/zh-cn.php
[ info ] [ ROUTE ] array (
)
[ info ] [ HEADER ] array (
  'accept' => '*/*',
  'host' => 'bgbegin.com',
  'user-agent' => 'curl/7.29.0',
  'content-type' => '',
  'content-length' => '',
)
[ info ] [ PARAM ] array (
)
[ info ] [ DB ] INIT mysql
---------------------------------------------------------------

[2022-06-15T15:55:13+08:00] 180.215.229.96 GET bgbegin.com/index/test/rilixi
[运行时间：0.133558s] [吞吐率：7.49req/s] [内存消耗：3,441.59kb] [文件加载：77]
[ info ] [ LANG ] /www/wwwroot/bgbegin.com/vendor/zoujingli/think-library/src/lang/zh-cn.php
[ info ] [ LANG ] /www/wwwroot/bgbegin.com/vendor/zoujingli/think-library/src/lang/en-us.php
[ info ] [ LANG ] /www/wwwroot/bgbegin.com/thinkphp/lang/zh-cn.php
[ info ] [ ROUTE ] array (
)
[ info ] [ HEADER ] array (
  'accept' => '*/*',
  'host' => 'bgbegin.com',
  'user-agent' => 'curl/7.29.0',
  'content-type' => '',
  'content-length' => '',
)
[ info ] [ PARAM ] array (
)
[ info ] [ DB ] INIT mysql
---------------------------------------------------------------

[2022-06-15T15:55:14+08:00] 180.215.229.96 GET bgbegin.com/index/test/rilixi
[运行时间：0.097208s] [吞吐率：10.29req/s] [内存消耗：3,441.59kb] [文件加载：77]
[ info ] [ LANG ] /www/wwwroot/bgbegin.com/vendor/zoujingli/think-library/src/lang/zh-cn.php
[ info ] [ LANG ] /www/wwwroot/bgbegin.com/vendor/zoujingli/think-library/src/lang/en-us.php
[ info ] [ LANG ] /www/wwwroot/bgbegin.com/thinkphp/lang/zh-cn.php
[ info ] [ ROUTE ] array (
)
[ info ] [ HEADER ] array (
  'accept' => '*/*',
  'host' => 'bgbegin.com',
  'user-agent' => 'curl/7.29.0',
  'content-type' => '',
  'content-length' => '',
)
[ info ] [ PARAM ] array (
)
[ info ] [ DB ] INIT mysql
---------------------------------------------------------------

[2022-06-15T15:55:14+08:00] 180.215.229.96 GET bgbegin.com/index/test/zhoulixi
[运行时间：0.099982s] [吞吐率：10.00req/s] [内存消耗：3,441.60kb] [文件加载：77]
[ info ] [ LANG ] /www/wwwroot/bgbegin.com/vendor/zoujingli/think-library/src/lang/zh-cn.php
[ info ] [ LANG ] /www/wwwroot/bgbegin.com/vendor/zoujingli/think-library/src/lang/en-us.php
[ info ] [ LANG ] /www/wwwroot/bgbegin.com/thinkphp/lang/zh-cn.php
[ info ] [ ROUTE ] array (
)
[ info ] [ HEADER ] array (
  'accept' => '*/*',
  'host' => 'bgbegin.com',
  'user-agent' => 'curl/7.29.0',
  'content-type' => '',
  'content-length' => '',
)
[ info ] [ PARAM ] array (
)
[ info ] [ DB ] INIT mysql
---------------------------------------------------------------

[2022-06-15T15:55:14+08:00] 180.215.229.96 GET bgbegin.com/index/test/zhoulixi
[运行时间：0.117574s] [吞吐率：8.51req/s] [内存消耗：3,441.60kb] [文件加载：77]
[ info ] [ LANG ] /www/wwwroot/bgbegin.com/vendor/zoujingli/think-library/src/lang/zh-cn.php
[ info ] [ LANG ] /www/wwwroot/bgbegin.com/vendor/zoujingli/think-library/src/lang/en-us.php
[ info ] [ LANG ] /www/wwwroot/bgbegin.com/thinkphp/lang/zh-cn.php
[ info ] [ ROUTE ] array (
)
[ info ] [ HEADER ] array (
  'accept' => '*/*',
  'host' => 'bgbegin.com',
  'user-agent' => 'curl/7.29.0',
  'content-type' => '',
  'content-length' => '',
)
[ info ] [ PARAM ] array (
)
[ info ] [ DB ] INIT mysql
---------------------------------------------------------------

[2022-06-15T15:55:14+08:00] 180.215.229.96 GET bgbegin.com/index/test/yuelixi
[运行时间：0.117815s] [吞吐率：8.49req/s] [内存消耗：3,441.59kb] [文件加载：77]
[ info ] [ LANG ] /www/wwwroot/bgbegin.com/vendor/zoujingli/think-library/src/lang/zh-cn.php
[ info ] [ LANG ] /www/wwwroot/bgbegin.com/vendor/zoujingli/think-library/src/lang/en-us.php
[ info ] [ LANG ] /www/wwwroot/bgbegin.com/thinkphp/lang/zh-cn.php
[ info ] [ ROUTE ] array (
)
[ info ] [ HEADER ] array (
  'accept' => '*/*',
  'host' => 'bgbegin.com',
  'user-agent' => 'curl/7.29.0',
  'content-type' => '',
  'content-length' => '',
)
[ info ] [ PARAM ] array (
)
[ info ] [ DB ] INIT mysql
---------------------------------------------------------------

[2022-06-15T15:55:14+08:00] 180.215.229.96 GET bgbegin.com/index/test/yuelixi
[运行时间：0.112769s] [吞吐率：8.87req/s] [内存消耗：3,441.59kb] [文件加载：77]
[ info ] [ LANG ] /www/wwwroot/bgbegin.com/vendor/zoujingli/think-library/src/lang/zh-cn.php
[ info ] [ LANG ] /www/wwwroot/bgbegin.com/vendor/zoujingli/think-library/src/lang/en-us.php
[ info ] [ LANG ] /www/wwwroot/bgbegin.com/thinkphp/lang/zh-cn.php
[ info ] [ ROUTE ] array (
)
[ info ] [ HEADER ] array (
  'accept' => '*/*',
  'host' => 'bgbegin.com',
  'user-agent' => 'curl/7.29.0',
  'content-type' => '',
  'content-length' => '',
)
[ info ] [ PARAM ] array (
)
[ info ] [ DB ] INIT mysql
---------------------------------------------------------------

[2022-06-15T15:55:14+08:00] 180.215.229.96 GET bgbegin.com/index/Wapy/updatenft
[运行时间：0.100634s] [吞吐率：9.94req/s] [内存消耗：3,436.17kb] [文件加载：76]
[ info ] [ LANG ] /www/wwwroot/bgbegin.com/vendor/zoujingli/think-library/src/lang/zh-cn.php
[ info ] [ LANG ] /www/wwwroot/bgbegin.com/vendor/zoujingli/think-library/src/lang/en-us.php
[ info ] [ LANG ] /www/wwwroot/bgbegin.com/thinkphp/lang/zh-cn.php
[ info ] [ ROUTE ] array (
)
[ info ] [ HEADER ] array (
  'accept' => '*/*',
  'host' => 'bgbegin.com',
  'user-agent' => 'curl/7.29.0',
  'content-type' => '',
  'content-length' => '',
)
[ info ] [ PARAM ] array (
)
[ info ] [ DB ] INIT mysql
---------------------------------------------------------------

[2022-06-15T15:55:15+08:00] 180.215.229.96 GET bgbegin.com/index/wapy/jiageup
[运行时间：1.921551s] [吞吐率：0.52req/s] [内存消耗：3,647.76kb] [文件加载：81]
[ info ] [ LANG ] /www/wwwroot/bgbegin.com/vendor/zoujingli/think-library/src/lang/zh-cn.php
[ info ] [ LANG ] /www/wwwroot/bgbegin.com/vendor/zoujingli/think-library/src/lang/en-us.php
[ info ] [ LANG ] /www/wwwroot/bgbegin.com/thinkphp/lang/zh-cn.php
[ info ] [ ROUTE ] array (
)
[ info ] [ HEADER ] array (
  'accept' => '*/*',
  'host' => 'bgbegin.com',
  'user-agent' => 'curl/7.29.0',
  'content-type' => '',
  'content-length' => '',
)
[ info ] [ PARAM ] array (
)
[ info ] [ DB ] INIT mysql
---------------------------------------------------------------

[2022-06-15T15:55:15+08:00] 180.215.229.96 GET bgbegin.com/index/Wapy/jianting
[运行时间：1.922981s] [吞吐率：0.52req/s] [内存消耗：3,616.34kb] [文件加载：81]
[ info ] [ LANG ] /www/wwwroot/bgbegin.com/vendor/zoujingli/think-library/src/lang/zh-cn.php
[ info ] [ LANG ] /www/wwwroot/bgbegin.com/vendor/zoujingli/think-library/src/lang/en-us.php
[ info ] [ LANG ] /www/wwwroot/bgbegin.com/thinkphp/lang/zh-cn.php
[ info ] [ ROUTE ] array (
)
[ info ] [ HEADER ] array (
  'accept' => '*/*',
  'host' => 'bgbegin.com',
  'user-agent' => 'curl/7.29.0',
  'content-type' => '',
  'content-length' => '',
)
[ info ] [ PARAM ] array (
)
[ info ] [ DB ] INIT mysql
---------------------------------------------------------------

[2022-06-15T15:55:15+08:00] 180.215.229.96 GET bgbegin.com/index/Wapy/chongzhi
[运行时间：1.969120s] [吞吐率：0.51req/s] [内存消耗：3,434.22kb] [文件加载：76]
[ info ] [ LANG ] /www/wwwroot/bgbegin.com/vendor/zoujingli/think-library/src/lang/zh-cn.php
[ info ] [ LANG ] /www/wwwroot/bgbegin.com/vendor/zoujingli/think-library/src/lang/en-us.php
[ info ] [ LANG ] /www/wwwroot/bgbegin.com/thinkphp/lang/zh-cn.php
[ info ] [ ROUTE ] array (
)
[ info ] [ HEADER ] array (
  'accept' => '*/*',
  'host' => 'bgbegin.com',
  'user-agent' => 'curl/7.29.0',
  'content-type' => '',
  'content-length' => '',
)
[ info ] [ PARAM ] array (
)
[ info ] [ DB ] INIT mysql
---------------------------------------------------------------

[2022-06-15T15:55:15+08:00] 180.215.229.96 GET bgbegin.com/index/Wapy/jianting
[运行时间：1.916083s] [吞吐率：0.52req/s] [内存消耗：3,403.45kb] [文件加载：76]
[ info ] [ LANG ] /www/wwwroot/bgbegin.com/vendor/zoujingli/think-library/src/lang/zh-cn.php
[ info ] [ LANG ] /www/wwwroot/bgbegin.com/vendor/zoujingli/think-library/src/lang/en-us.php
[ info ] [ LANG ] /www/wwwroot/bgbegin.com/thinkphp/lang/zh-cn.php
[ info ] [ ROUTE ] array (
)
[ info ] [ HEADER ] array (
  'accept' => '*/*',
  'host' => 'bgbegin.com',
  'user-agent' => 'curl/7.29.0',
  'content-type' => '',
  'content-length' => '',
)
[ info ] [ PARAM ] array (
)
[ info ] [ DB ] INIT mysql
---------------------------------------------------------------

[2022-06-15T15:55:15+08:00] 180.215.229.96 GET bgbegin.com/index/Wapy/chongzhi
[运行时间：1.943767s] [吞吐率：0.51req/s] [内存消耗：3,434.20kb] [文件加载：76]
[ info ] [ LANG ] /www/wwwroot/bgbegin.com/vendor/zoujingli/think-library/src/lang/zh-cn.php
[ info ] [ LANG ] /www/wwwroot/bgbegin.com/vendor/zoujingli/think-library/src/lang/en-us.php
[ info ] [ LANG ] /www/wwwroot/bgbegin.com/thinkphp/lang/zh-cn.php
[ info ] [ ROUTE ] array (
)
[ info ] [ HEADER ] array (
  'accept' => '*/*',
  'host' => 'bgbegin.com',
  'user-agent' => 'curl/7.29.0',
  'content-type' => '',
  'content-length' => '',
)
[ info ] [ PARAM ] array (
)
[ info ] [ DB ] INIT mysql
---------------------------------------------------------------

[2022-06-15T15:55:16+08:00] 180.215.229.96 GET bgbegin.com/index/test/rilixi
[运行时间：0.120931s] [吞吐率：8.27req/s] [内存消耗：3,441.59kb] [文件加载：77]
[ info ] [ LANG ] /www/wwwroot/bgbegin.com/vendor/zoujingli/think-library/src/lang/zh-cn.php
[ info ] [ LANG ] /www/wwwroot/bgbegin.com/vendor/zoujingli/think-library/src/lang/en-us.php
[ info ] [ LANG ] /www/wwwroot/bgbegin.com/thinkphp/lang/zh-cn.php
[ info ] [ ROUTE ] array (
)
[ info ] [ HEADER ] array (
  'accept' => '*/*',
  'host' => 'bgbegin.com',
  'user-agent' => 'curl/7.29.0',
  'content-type' => '',
  'content-length' => '',
)
[ info ] [ PARAM ] array (
)
[ info ] [ DB ] INIT mysql
---------------------------------------------------------------

[2022-06-15T15:55:16+08:00] 180.215.229.96 GET bgbegin.com/index/test/zhoulixi
[运行时间：0.112131s] [吞吐率：8.92req/s] [内存消耗：3,441.60kb] [文件加载：77]
[ info ] [ LANG ] /www/wwwroot/bgbegin.com/vendor/zoujingli/think-library/src/lang/zh-cn.php
[ info ] [ LANG ] /www/wwwroot/bgbegin.com/vendor/zoujingli/think-library/src/lang/en-us.php
[ info ] [ LANG ] /www/wwwroot/bgbegin.com/thinkphp/lang/zh-cn.php
[ info ] [ ROUTE ] array (
)
[ info ] [ HEADER ] array (
  'accept' => '*/*',
  'host' => 'bgbegin.com',
  'user-agent' => 'curl/7.29.0',
  'content-type' => '',
  'content-length' => '',
)
[ info ] [ PARAM ] array (
)
[ info ] [ DB ] INIT mysql
---------------------------------------------------------------

[2022-06-15T15:55:16+08:00] 180.215.229.96 GET bgbegin.com/index/test/yuelixi
[运行时间：0.119876s] [吞吐率：8.34req/s] [内存消耗：3,441.59kb] [文件加载：77]
[ info ] [ LANG ] /www/wwwroot/bgbegin.com/vendor/zoujingli/think-library/src/lang/zh-cn.php
[ info ] [ LANG ] /www/wwwroot/bgbegin.com/vendor/zoujingli/think-library/src/lang/en-us.php
[ info ] [ LANG ] /www/wwwroot/bgbegin.com/thinkphp/lang/zh-cn.php
[ info ] [ ROUTE ] array (
)
[ info ] [ HEADER ] array (
  'accept' => '*/*',
  'host' => 'bgbegin.com',
  'user-agent' => 'curl/7.29.0',
  'content-type' => '',
  'content-length' => '',
)
[ info ] [ PARAM ] array (
)
[ info ] [ DB ] INIT mysql
---------------------------------------------------------------

[2022-06-15T15:55:16+08:00] 180.215.229.96 GET bgbegin.com/index/Wapy/updatenft
[运行时间：0.112692s] [吞吐率：8.87req/s] [内存消耗：3,436.16kb] [文件加载：76]
[ info ] [ LANG ] /www/wwwroot/bgbegin.com/vendor/zoujingli/think-library/src/lang/zh-cn.php
[ info ] [ LANG ] /www/wwwroot/bgbegin.com/vendor/zoujingli/think-library/src/lang/en-us.php
[ info ] [ LANG ] /www/wwwroot/bgbegin.com/thinkphp/lang/zh-cn.php
[ info ] [ ROUTE ] array (
)
[ info ] [ HEADER ] array (
  'accept' => '*/*',
  'host' => 'bgbegin.com',
  'user-agent' => 'curl/7.29.0',
  'content-type' => '',
  'content-length' => '',
)
[ info ] [ PARAM ] array (
)
[ info ] [ DB ] INIT mysql
---------------------------------------------------------------

[2022-06-15T15:55:18+08:00] 180.215.229.96 GET bgbegin.com/index/test/rilixi
[运行时间：0.086350s] [吞吐率：11.58req/s] [内存消耗：3,441.59kb] [文件加载：77]
[ info ] [ LANG ] /www/wwwroot/bgbegin.com/vendor/zoujingli/think-library/src/lang/zh-cn.php
[ info ] [ LANG ] /www/wwwroot/bgbegin.com/vendor/zoujingli/think-library/src/lang/en-us.php
[ info ] [ LANG ] /www/wwwroot/bgbegin.com/thinkphp/lang/zh-cn.php
[ info ] [ ROUTE ] array (
)
[ info ] [ HEADER ] array (
  'accept' => '*/*',
  'host' => 'bgbegin.com',
  'user-agent' => 'curl/7.29.0',
  'content-type' => '',
  'content-length' => '',
)
[ info ] [ PARAM ] array (
)
[ info ] [ DB ] INIT mysql
---------------------------------------------------------------

[2022-06-15T15:55:19+08:00] 180.215.229.96 GET bgbegin.com/index/Wapy/updatenft
[运行时间：0.103853s] [吞吐率：9.63req/s] [内存消耗：3,436.17kb] [文件加载：76]
[ info ] [ LANG ] /www/wwwroot/bgbegin.com/vendor/zoujingli/think-library/src/lang/zh-cn.php
[ info ] [ LANG ] /www/wwwroot/bgbegin.com/vendor/zoujingli/think-library/src/lang/en-us.php
[ info ] [ LANG ] /www/wwwroot/bgbegin.com/thinkphp/lang/zh-cn.php
[ info ] [ ROUTE ] array (
)
[ info ] [ HEADER ] array (
  'accept' => '*/*',
  'host' => 'bgbegin.com',
  'user-agent' => 'curl/7.29.0',
  'content-type' => '',
  'content-length' => '',
)
[ info ] [ PARAM ] array (
)
[ info ] [ DB ] INIT mysql
---------------------------------------------------------------

[2022-06-15T15:55:19+08:00] 180.215.229.96 GET bgbegin.com/index/test/zhoulixi
[运行时间：0.135712s] [吞吐率：7.37req/s] [内存消耗：3,441.60kb] [文件加载：77]
[ info ] [ LANG ] /www/wwwroot/bgbegin.com/vendor/zoujingli/think-library/src/lang/zh-cn.php
[ info ] [ LANG ] /www/wwwroot/bgbegin.com/vendor/zoujingli/think-library/src/lang/en-us.php
[ info ] [ LANG ] /www/wwwroot/bgbegin.com/thinkphp/lang/zh-cn.php
[ info ] [ ROUTE ] array (
)
[ info ] [ HEADER ] array (
  'accept' => '*/*',
  'host' => 'bgbegin.com',
  'user-agent' => 'curl/7.29.0',
  'content-type' => '',
  'content-length' => '',
)
[ info ] [ PARAM ] array (
)
[ info ] [ DB ] INIT mysql
---------------------------------------------------------------

[2022-06-15T15:55:19+08:00] 180.215.229.96 GET bgbegin.com/index/test/yuelixi
[运行时间：0.137315s] [吞吐率：7.28req/s] [内存消耗：3,441.59kb] [文件加载：77]
[ info ] [ LANG ] /www/wwwroot/bgbegin.com/vendor/zoujingli/think-library/src/lang/zh-cn.php
[ info ] [ LANG ] /www/wwwroot/bgbegin.com/vendor/zoujingli/think-library/src/lang/en-us.php
[ info ] [ LANG ] /www/wwwroot/bgbegin.com/thinkphp/lang/zh-cn.php
[ info ] [ ROUTE ] array (
)
[ info ] [ HEADER ] array (
  'accept' => '*/*',
  'host' => 'bgbegin.com',
  'user-agent' => 'curl/7.29.0',
  'content-type' => '',
  'content-length' => '',
)
[ info ] [ PARAM ] array (
)
[ info ] [ DB ] INIT mysql
---------------------------------------------------------------

[2022-06-15T15:55:19+08:00] 180.215.229.96 GET bgbegin.com/index/Wapy/jianting
[运行时间：1.929009s] [吞吐率：0.52req/s] [内存消耗：3,616.42kb] [文件加载：81]
[ info ] [ LANG ] /www/wwwroot/bgbegin.com/vendor/zoujingli/think-library/src/lang/zh-cn.php
[ info ] [ LANG ] /www/wwwroot/bgbegin.com/vendor/zoujingli/think-library/src/lang/en-us.php
[ info ] [ LANG ] /www/wwwroot/bgbegin.com/thinkphp/lang/zh-cn.php
[ info ] [ ROUTE ] array (
)
[ info ] [ HEADER ] array (
  'accept' => '*/*',
  'host' => 'bgbegin.com',
  'user-agent' => 'curl/7.29.0',
  'content-type' => '',
  'content-length' => '',
)
[ info ] [ PARAM ] array (
)
[ info ] [ DB ] INIT mysql
---------------------------------------------------------------

[2022-06-15T15:55:19+08:00] 180.215.229.96 GET bgbegin.com/index/wapy/jiageup
[运行时间：1.922807s] [吞吐率：0.52req/s] [内存消耗：3,406.74kb] [文件加载：76]
[ info ] [ LANG ] /www/wwwroot/bgbegin.com/vendor/zoujingli/think-library/src/lang/zh-cn.php
[ info ] [ LANG ] /www/wwwroot/bgbegin.com/vendor/zoujingli/think-library/src/lang/en-us.php
[ info ] [ LANG ] /www/wwwroot/bgbegin.com/thinkphp/lang/zh-cn.php
[ info ] [ ROUTE ] array (
)
[ info ] [ HEADER ] array (
  'accept' => '*/*',
  'host' => 'bgbegin.com',
  'user-agent' => 'curl/7.29.0',
  'content-type' => '',
  'content-length' => '',
)
[ info ] [ PARAM ] array (
)
[ info ] [ DB ] INIT mysql
---------------------------------------------------------------

[2022-06-15T15:55:19+08:00] 180.215.229.96 GET bgbegin.com/index/Wapy/chongzhi
[运行时间：1.944851s] [吞吐率：0.51req/s] [内存消耗：3,434.20kb] [文件加载：76]
[ info ] [ LANG ] /www/wwwroot/bgbegin.com/vendor/zoujingli/think-library/src/lang/zh-cn.php
[ info ] [ LANG ] /www/wwwroot/bgbegin.com/vendor/zoujingli/think-library/src/lang/en-us.php
[ info ] [ LANG ] /www/wwwroot/bgbegin.com/thinkphp/lang/zh-cn.php
[ info ] [ ROUTE ] array (
)
[ info ] [ HEADER ] array (
  'accept' => '*/*',
  'host' => 'bgbegin.com',
  'user-agent' => 'curl/7.29.0',
  'content-type' => '',
  'content-length' => '',
)
[ info ] [ PARAM ] array (
)
[ info ] [ DB ] INIT mysql
---------------------------------------------------------------

[2022-06-15T15:55:19+08:00] 180.215.229.96 GET bgbegin.com/index/Wapy/jianting
[运行时间：1.917568s] [吞吐率：0.52req/s] [内存消耗：3,403.37kb] [文件加载：76]
[ info ] [ LANG ] /www/wwwroot/bgbegin.com/vendor/zoujingli/think-library/src/lang/zh-cn.php
[ info ] [ LANG ] /www/wwwroot/bgbegin.com/vendor/zoujingli/think-library/src/lang/en-us.php
[ info ] [ LANG ] /www/wwwroot/bgbegin.com/thinkphp/lang/zh-cn.php
[ info ] [ ROUTE ] array (
)
[ info ] [ HEADER ] array (
  'accept' => '*/*',
  'host' => 'bgbegin.com',
  'user-agent' => 'curl/7.29.0',
  'content-type' => '',
  'content-length' => '',
)
[ info ] [ PARAM ] array (
)
[ info ] [ DB ] INIT mysql
---------------------------------------------------------------

[2022-06-15T15:55:19+08:00] 180.215.229.96 GET bgbegin.com/index/Wapy/chongzhi
[运行时间：1.955571s] [吞吐率：0.51req/s] [内存消耗：3,434.22kb] [文件加载：76]
[ info ] [ LANG ] /www/wwwroot/bgbegin.com/vendor/zoujingli/think-library/src/lang/zh-cn.php
[ info ] [ LANG ] /www/wwwroot/bgbegin.com/vendor/zoujingli/think-library/src/lang/en-us.php
[ info ] [ LANG ] /www/wwwroot/bgbegin.com/thinkphp/lang/zh-cn.php
[ info ] [ ROUTE ] array (
)
[ info ] [ HEADER ] array (
  'accept' => '*/*',
  'host' => 'bgbegin.com',
  'user-agent' => 'curl/7.29.0',
  'content-type' => '',
  'content-length' => '',
)
[ info ] [ PARAM ] array (
)
[ info ] [ DB ] INIT mysql
---------------------------------------------------------------

[2022-06-15T15:55:21+08:00] 180.215.229.96 GET bgbegin.com/index/Wapy/updatenft
[运行时间：0.092240s] [吞吐率：10.84req/s] [内存消耗：3,436.17kb] [文件加载：76]
[ info ] [ LANG ] /www/wwwroot/bgbegin.com/vendor/zoujingli/think-library/src/lang/zh-cn.php
[ info ] [ LANG ] /www/wwwroot/bgbegin.com/vendor/zoujingli/think-library/src/lang/en-us.php
[ info ] [ LANG ] /www/wwwroot/bgbegin.com/thinkphp/lang/zh-cn.php
[ info ] [ ROUTE ] array (
)
[ info ] [ HEADER ] array (
  'accept' => '*/*',
  'host' => 'bgbegin.com',
  'user-agent' => 'curl/7.29.0',
  'content-type' => '',
  'content-length' => '',
)
[ info ] [ PARAM ] array (
)
[ info ] [ DB ] INIT mysql
---------------------------------------------------------------

[2022-06-15T15:55:21+08:00] 180.215.229.96 GET bgbegin.com/index/test/rilixi
[运行时间：0.102424s] [吞吐率：9.76req/s] [内存消耗：3,441.59kb] [文件加载：77]
[ info ] [ LANG ] /www/wwwroot/bgbegin.com/vendor/zoujingli/think-library/src/lang/zh-cn.php
[ info ] [ LANG ] /www/wwwroot/bgbegin.com/vendor/zoujingli/think-library/src/lang/en-us.php
[ info ] [ LANG ] /www/wwwroot/bgbegin.com/thinkphp/lang/zh-cn.php
[ info ] [ ROUTE ] array (
)
[ info ] [ HEADER ] array (
  'accept' => '*/*',
  'host' => 'bgbegin.com',
  'user-agent' => 'curl/7.29.0',
  'content-type' => '',
  'content-length' => '',
)
[ info ] [ PARAM ] array (
)
[ info ] [ DB ] INIT mysql
---------------------------------------------------------------

[2022-06-15T15:55:21+08:00] 180.215.229.96 GET bgbegin.com/index/test/zhoulixi
[运行时间：0.119920s] [吞吐率：8.34req/s] [内存消耗：3,441.60kb] [文件加载：77]
[ info ] [ LANG ] /www/wwwroot/bgbegin.com/vendor/zoujingli/think-library/src/lang/zh-cn.php
[ info ] [ LANG ] /www/wwwroot/bgbegin.com/vendor/zoujingli/think-library/src/lang/en-us.php
[ info ] [ LANG ] /www/wwwroot/bgbegin.com/thinkphp/lang/zh-cn.php
[ info ] [ ROUTE ] array (
)
[ info ] [ HEADER ] array (
  'accept' => '*/*',
  'host' => 'bgbegin.com',
  'user-agent' => 'curl/7.29.0',
  'content-type' => '',
  'content-length' => '',
)
[ info ] [ PARAM ] array (
)
[ info ] [ DB ] INIT mysql
---------------------------------------------------------------

[2022-06-15T15:55:21+08:00] 180.215.229.96 GET bgbegin.com/index/test/yuelixi
[运行时间：0.107529s] [吞吐率：9.30req/s] [内存消耗：3,441.59kb] [文件加载：77]
[ info ] [ LANG ] /www/wwwroot/bgbegin.com/vendor/zoujingli/think-library/src/lang/zh-cn.php
[ info ] [ LANG ] /www/wwwroot/bgbegin.com/vendor/zoujingli/think-library/src/lang/en-us.php
[ info ] [ LANG ] /www/wwwroot/bgbegin.com/thinkphp/lang/zh-cn.php
[ info ] [ ROUTE ] array (
)
[ info ] [ HEADER ] array (
  'accept' => '*/*',
  'host' => 'bgbegin.com',
  'user-agent' => 'curl/7.29.0',
  'content-type' => '',
  'content-length' => '',
)
[ info ] [ PARAM ] array (
)
[ info ] [ DB ] INIT mysql
---------------------------------------------------------------

[2022-06-15T15:55:21+08:00] 180.215.229.96 GET bgbegin.com/index/Wapy/jianting
[运行时间：0.086742s] [吞吐率：11.53req/s] [内存消耗：3,440.39kb] [文件加载：76]
[ info ] [ LANG ] /www/wwwroot/bgbegin.com/vendor/zoujingli/think-library/src/lang/zh-cn.php
[ info ] [ LANG ] /www/wwwroot/bgbegin.com/vendor/zoujingli/think-library/src/lang/en-us.php
[ info ] [ LANG ] /www/wwwroot/bgbegin.com/thinkphp/lang/zh-cn.php
[ info ] [ ROUTE ] array (
)
[ info ] [ HEADER ] array (
  'accept' => '*/*',
  'host' => 'bgbegin.com',
  'user-agent' => 'curl/7.29.0',
  'content-type' => '',
  'content-length' => '',
)
[ info ] [ PARAM ] array (
)
[ info ] [ DB ] INIT mysql
